<?xml version="1.0" encoding="UTF-8"?>
<testsuite name="TestSuite" time="127.428" tests="14" errors="0" skipped="3" failures="0">
  <properties>
    <property name="java.runtime.name" value="Java(TM) SE Runtime Environment"/>
    <property name="java.vm.version" value="11.0.10+8-LTS-162"/>
    <property name="sun.boot.library.path" value="C:\Program Files\Java\jdk-11.0.10\bin"/>
    <property name="maven.multiModuleProjectDirectory" value="D:\IdeaProjects\FlipkartAutomation"/>
    <property name="java.vm.vendor" value="Oracle Corporation"/>
    <property name="java.vendor.url" value="https://openjdk.java.net/"/>
    <property name="guice.disable.misplaced.annotation.check" value="true"/>
    <property name="path.separator" value=";"/>
    <property name="java.vm.name" value="Java HotSpot(TM) 64-Bit Server VM"/>
    <property name="sun.os.patch.level" value="Service Pack 1"/>
    <property name="user.script" value=""/>
    <property name="user.country" value="IN"/>
    <property name="sun.java.launcher" value="SUN_STANDARD"/>
    <property name="java.vm.specification.name" value="Java Virtual Machine Specification"/>
    <property name="user.dir" value="D:\IdeaProjects\FlipkartAutomation"/>
    <property name="java.vm.compressedOopsMode" value="32-bit"/>
    <property name="java.runtime.version" value="11.0.10+8-LTS-162"/>
    <property name="java.awt.graphicsenv" value="sun.awt.Win32GraphicsEnvironment"/>
    <property name="os.arch" value="amd64"/>
    <property name="java.io.tmpdir" value="C:\Users\Jitendra\AppData\Local\Temp\"/>
    <property name="line.separator" value="&#10;"/>
    <property name="java.vm.specification.vendor" value="Oracle Corporation"/>
    <property name="user.variant" value=""/>
    <property name="os.name" value="Windows 7"/>
    <property name="classworlds.conf" value="D:\apache-maven-3.6.3\bin\..\bin\m2.conf"/>
    <property name="sun.jnu.encoding" value="Cp1252"/>
    <property name="java.library.path" value="C:\Program Files\Java\jdk-11.0.10\bin;C:\Windows\Sun\Java\bin;C:\Windows\system32;C:\Windows;C:\Program Files\Common Files\Oracle\Java\javapath;C:\Windows\system32;C:\Windows;C:\Windows\System32\Wbem;C:\Windows\System32\WindowsPowerShell\v1.0\;C:\Program Files\Java\jdk-11.0.10\bin;D:\apache-maven-3.6.3\bin;C:\Program Files\Git\cmd;C:\Program Files\MySQL\MySQL Shell 8.0\bin\;."/>
    <property name="maven.conf" value="D:\apache-maven-3.6.3\bin\../conf"/>
    <property name="jdk.debug" value="release"/>
    <property name="java.class.version" value="55.0"/>
    <property name="java.specification.name" value="Java Platform API Specification"/>
    <property name="sun.management.compiler" value="HotSpot 64-Bit Tiered Compilers"/>
    <property name="os.version" value="6.1"/>
    <property name="library.jansi.path" value="D:\apache-maven-3.6.3\bin\..\lib\jansi-native"/>
    <property name="user.home" value="C:\Users\Jitendra"/>
    <property name="user.timezone" value="Asia/Calcutta"/>
    <property name="java.awt.printerjob" value="sun.awt.windows.WPrinterJob"/>
    <property name="file.encoding" value="Cp1252"/>
    <property name="java.specification.version" value="11"/>
    <property name="user.name" value="Jitendra"/>
    <property name="java.class.path" value="D:\apache-maven-3.6.3\bin\..\boot\plexus-classworlds-2.6.0.jar"/>
    <property name="java.vm.specification.version" value="11"/>
    <property name="sun.arch.data.model" value="64"/>
    <property name="sun.java.command" value="org.codehaus.plexus.classworlds.launcher.Launcher test"/>
    <property name="java.home" value="C:\Program Files\Java\jdk-11.0.10"/>
    <property name="user.language" value="en"/>
    <property name="java.specification.vendor" value="Oracle Corporation"/>
    <property name="awt.toolkit" value="sun.awt.windows.WToolkit"/>
    <property name="java.vm.info" value="mixed mode"/>
    <property name="java.version" value="11.0.10"/>
    <property name="java.vendor" value="Oracle Corporation"/>
    <property name="sun.stderr.encoding" value="cp437"/>
    <property name="maven.home" value="D:\apache-maven-3.6.3\bin\.."/>
    <property name="file.separator" value="\"/>
    <property name="java.version.date" value="2021-01-19"/>
    <property name="java.vendor.url.bug" value="https://bugreport.java.com/bugreport/"/>
    <property name="sun.io.unicode.encoding" value="UnicodeLittle"/>
    <property name="sun.cpu.endian" value="little"/>
    <property name="java.vendor.version" value="18.9"/>
    <property name="sun.stdout.encoding" value="cp437"/>
    <property name="sun.desktop" value="windows"/>
    <property name="sun.cpu.isalist" value="amd64"/>
  </properties>
  <testcase name="retrieveData" classname="com.MySqlConTest" time="2.908"/>
  <testcase name="testLog" classname="com.MySqlConTest" time="0.002"/>
  <testcase name="homePageTest" classname="com.HomepageTest" time="0"/>
  <testcase name="testLog" classname="com.HomepageTest" time="0.003"/>
  <testcase name="verifyContentInPDf" classname="com.PdfHandlingTest" time="16.499"/>
  <testcase name="testLog" classname="com.SignInTest" time="0"/>
  <testcase name="signInTest" classname="com.SignInTest" time="0">
    <skipped/>
    <system-out>signInTest Sheet name
</system-out>
  </testcase>
  <testcase name="signInTest" classname="com.SignInTest" time="34.717"/>
  <testcase name="testLog" classname="com.SignUpTest" time="0"/>
  <testcase name="signUpTest" classname="com.SignUpTest" time="33.665"/>
  <testcase name="signUpTest" classname="com.SignUpTest" time="0">
    <skipped/>
  </testcase>
  <testcase name="testLog" classname="com.SearchProductTest" time="0"/>
  <testcase name="searchProductTest" classname="com.SearchProductTest" time="39.634"/>
  <testcase name="searchProductTest" classname="com.SearchProductTest" time="0">
    <skipped/>
  </testcase>
</testsuite>