<?xml version="1.0" encoding="UTF-8"?>
<!-- Generated by org.testng.reporters.JUnitReportReporter -->
<testsuite hostname="pop-os" failures="0" tests="2" name="com.SignInTest" time="59.539" errors="0" timestamp="2021-02-22T08:49:09 IST" skipped="0">
  <testcase classname="com.SignInTest" name="signInTest" time="30.378"/>
  <system-out/>
  <testcase classname="com.SignInTest" name="signInTest" time="29.161"/>
  <system-out/>
</testsuite> <!-- com.SignInTest -->
