<?xml version="1.0" encoding="UTF-8"?>
<!-- Generated by org.testng.reporters.JUnitReportReporter -->
<testsuite hostname="pop-os" failures="0" tests="1" name="base.Page" time="0.016" errors="0" timestamp="2021-02-21T23:43:42 IST" skipped="0">
  <testcase classname="base.Page" name="datatest" time="0.016"/>
  <system-out/>
</testsuite> <!-- base.Page -->
