<?xml version="1.0" encoding="UTF-8"?>
<!-- Generated by org.testng.reporters.JUnitReportReporter -->
<testsuite hostname="Dell" failures="0" tests="1" name="com.PdfHandlingTest" time="17.222" errors="0" timestamp="2021-03-03T15:36:46 IST" skipped="0">
  <testcase classname="com.PdfHandlingTest" name="verifyContentInPDf" time="17.222"/>
  <system-out/>
</testsuite> <!-- com.PdfHandlingTest -->
