<?xml version="1.0" encoding="UTF-8"?>
<!-- Generated by org.testng.reporters.JUnitReportReporter -->
<testsuite hostname="Dell" failures="0" tests="3" name="com.SignUpTest" time="34.374" errors="0" timestamp="2021-03-03T15:36:46 IST" skipped="1">
  <testcase classname="com.SignUpTest" name="testLog" time="0.000"/>
  <system-out/>
  <testcase classname="com.SignUpTest" name="signUpTest" time="0.000">
    <skipped/>
  </testcase> <!-- signUpTest -->
  <system-out/>
  <testcase classname="com.SignUpTest" name="signUpTest" time="34.374"/>
  <system-out/>
</testsuite> <!-- com.SignUpTest -->
