<?xml version="1.0" encoding="UTF-8"?>
<!-- Generated by org.testng.reporters.JUnitReportReporter -->
<testsuite hostname="Dell" failures="0" tests="2" name="com.MySqlConTest" time="2.864" errors="0" timestamp="2021-03-03T15:36:46 IST" skipped="0">
  <testcase classname="com.MySqlConTest" name="testLog" time="0.002"/>
  <system-out/>
  <testcase classname="com.MySqlConTest" name="retrieveData" time="2.862"/>
  <system-out/>
</testsuite> <!-- com.MySqlConTest -->
