<?xml version="1.0" encoding="UTF-8"?>
<!-- Generated by org.testng.reporters.JUnitReportReporter -->
<testsuite hostname="Dell" failures="0" tests="3" name="com.SearchProductTest" time="40.308" errors="0" timestamp="2021-03-03T15:36:46 IST" skipped="1">
  <testcase classname="com.SearchProductTest" name="searchProductTest" time="40.308"/>
  <system-out/>
  <testcase classname="com.SearchProductTest" name="searchProductTest" time="0.000">
    <skipped/>
  </testcase> <!-- searchProductTest -->
  <system-out/>
  <testcase classname="com.SearchProductTest" name="testLog" time="0.000"/>
  <system-out/>
</testsuite> <!-- com.SearchProductTest -->
