<?xml version="1.0" encoding="UTF-8"?>
<!-- Generated by org.testng.reporters.JUnitReportReporter -->
<testsuite hostname="Dell" failures="0" tests="2" name="com.HomepageTest" time="0.000" errors="0" timestamp="2021-03-03T15:36:46 IST" skipped="0">
  <testcase classname="com.HomepageTest" name="testLog" time="0.000"/>
  <system-out/>
  <testcase classname="com.HomepageTest" name="homePageTest" time="0.000"/>
  <system-out/>
</testsuite> <!-- com.HomepageTest -->
