<?xml version="1.0" encoding="UTF-8"?>
<!-- Generated by org.testng.reporters.JUnitReportReporter -->
<testsuite hostname="Dell" failures="0" tests="3" name="com.SignInTest" time="36.004" errors="0" timestamp="2021-03-03T15:36:46 IST" skipped="1">
  <testcase classname="com.SignInTest" name="testLog" time="0.608"/>
  <system-out/>
  <testcase classname="com.SignInTest" name="signInTest" time="0.687">
    <skipped/>
  </testcase> <!-- signInTest -->
  <system-out/>
  <testcase classname="com.SignInTest" name="signInTest" time="34.709"/>
  <system-out/>
</testsuite> <!-- com.SignInTest -->
